<?xml version="1.0" encoding="UTF-8"?>
<testsuite name="ScrabbleTest" tests="3" skipped="0" failures="0" errors="0" timestamp="2015-08-11T20:31:41" hostname="epicodus-106.local" time="0.002">
  <properties/>
  <testcase name="scrabbleCount_forLetterA_1" classname="ScrabbleTest" time="0.002"/>
  <testcase name="scrabbleCount_forLetterWord_queen" classname="ScrabbleTest" time="0.0"/>
  <testcase name="scrabbleCount_forLetterWord_steal" classname="ScrabbleTest" time="0.0"/>
  <system-out><![CDATA[]]></system-out>
  <system-err><![CDATA[]]></system-err>
</testsuite>
